<?xml version="1.0" encoding="utf-8"?><testsuites name="pytest tests"><testsuite name="pytest" errors="0" failures="0" skipped="0" tests="5" time="7.704" timestamp="2026-02-11T13:29:37.731735-06:00" hostname="ivillegas"><testcase classname="tests.test_basic_routes" name="test_home_page" time="0.360" /><testcase classname="tests.test_basic_routes" name="test_dashboard_page" time="0.349" /><testcase classname="tests.test_basic_routes" name="test_health_check" time="0.345" /><testcase classname="tests.test_rate_limiting" name="test_login_rate_limit" time="5.210" /><testcase classname="tests.test_rate_limiting" name="test_register_rate_limit" time="1.401" /></testsuite></testsuites>